<?xml version="1.0" encoding="UTF-8" standalone="yes"?><!DOCTYPE report PUBLIC "-//JACOCO//DTD Report 1.1//EN" "report.dtd"><report name="payroll-system"><sessioninfo id="ASAHATTUF-107dadb3" start="1777941876870" dump="1777941878471"/><sessioninfo id="ASAHATTUF-b4005533" start="1777944268042" dump="1777944269979"/><sessioninfo id="ASAHATTUF-49b07479" start="1777945283418" dump="1777945285315"/><sessioninfo id="ASAHATTUF-2f4852e3" start="1777945426858" dump="1777945428791"/><sessioninfo id="ASAHATTUF-9ec68df4" start="1777946501611" dump="1777946503396"/><sessioninfo id="ASAHATTUF-4cab2085" start="1778191138690" dump="1778191141567"/><sessioninfo id="ASAHATTUF-8c1e1dd9" start="1778191230139" dump="1778191232783"/><sessioninfo id="ASAHATTUF-ef790c73" start="1778191491980" dump="1778191494510"/><sessioninfo id="ASAHATTUF-49dce211" start="1778191579747" dump="1778191582265"/><sessioninfo id="ASAHATTUF-a75c09bf" start="1778191663661" dump="1778191665630"/><sessioninfo id="ASAHATTUF-f3d19e21" start="1778191663774" dump="1778191665851"/><sessioninfo id="ASAHATTUF-f6a048b0" start="1778191824451" dump="1778191826249"/><sessioninfo id="ASAHATTUF-17576ff" start="1778196678495" dump="1778196681234"/><sessioninfo id="ASAHATTUF-505302fa" start="1778202724393" dump="1778202726852"/><sessioninfo id="ASAHATTUF-368f97ac" start="1778202738829" dump="1778202741064"/><sessioninfo id="ASAHATTUF-33300968" start="1778203913759" dump="1778203916214"/><sessioninfo id="ASAHATTUF-41cfc382" start="1778204546028" dump="1778204548565"/><sessioninfo id="ASAHATTUF-448aaf43" start="1778204678893" dump="1778204681519"/><sessioninfo id="ASAHATTUF-cf1b9c7c" start="1778205258086" dump="1778205260414"/><sessioninfo id="ASAHATTUF-e7a3dad9" start="1778505648316" dump="1778505651212"/><package name="co/edu/uniremington/payroll/controller"><class name="co/edu/uniremington/payroll/controller/PayrollController" sourcefilename="PayrollController.java"><method name="&lt;init&gt;" desc="(Lco/edu/uniremington/payroll/service/PayrollService;)V" line="17"><counter type="INSTRUCTION" missed="0" covered="6"/><counter type="LINE" missed="0" covered="3"/><counter type="COMPLEXITY" missed="0" covered="1"/><counter type="METHOD" missed="0" covered="1"/></method><method name="createEmployee" desc="(Lco/edu/uniremington/payroll/model/Employee;)Ljava/lang/String;" line="23"><counter type="INSTRUCTION" missed="14" covered="0"/><counter type="LINE" missed="4" covered="0"/><counter type="COMPLEXITY" missed="1" covered="0"/><counter type="METHOD" missed="1" covered="0"/></method><method name="getAllEmployees" desc="()Ljava/util/List;" line="31"><counter type="INSTRUCTION" missed="4" covered="0"/><counter type="LINE" missed="1" covered="0"/><counter type="COMPLEXITY" missed="1" covered="0"/><counter type="METHOD" missed="1" covered="0"/></method><method name="getNetSalary" desc="(Ljava/lang/Long;)Ljava/lang/String;" line="36"><counter type="INSTRUCTION" missed="17" covered="0"/><counter type="LINE" missed="6" covered="0"/><counter type="COMPLEXITY" missed="1" covered="0"/><counter type="METHOD" missed="1" covered="0"/></method><counter type="INSTRUCTION" missed="35" covered="6"/><counter type="LINE" missed="11" covered="3"/><counter type="COMPLEXITY" missed="3" covered="1"/><counter type="METHOD" missed="3" covered="1"/><counter type="CLASS" missed="0" covered="1"/></class><sourcefile name="PayrollController.java"><line nr="17" mi="0" ci="2" mb="0" cb="0"/><line nr="18" mi="0" ci="3" mb="0" cb="0"/><line nr="19" mi="0" ci="1" mb="0" cb="0"/><line nr="23" mi="5" ci="0" mb="0" cb="0"/><line nr="24" mi="4" ci="0" mb="0" cb="0"/><line nr="25" mi="1" ci="0" mb="0" cb="0"/><line nr="26" mi="4" ci="0" mb="0" cb="0"/><line nr="31" mi="4" ci="0" mb="0" cb="0"/><line nr="36" mi="5" ci="0" mb="0" cb="0"/><line nr="37" mi="4" ci="0" mb="0" cb="0"/><line nr="38" mi="1" ci="0" mb="0" cb="0"/><line nr="39" mi="4" ci="0" mb="0" cb="0"/><line nr="40" mi="1" ci="0" mb="0" cb="0"/><line nr="41" mi="2" ci="0" mb="0" cb="0"/><counter type="INSTRUCTION" missed="35" covered="6"/><counter type="LINE" missed="11" covered="3"/><counter type="COMPLEXITY" missed="3" covered="1"/><counter type="METHOD" missed="3" covered="1"/><counter type="CLASS" missed="0" covered="1"/></sourcefile><counter type="INSTRUCTION" missed="35" covered="6"/><counter type="LINE" missed="11" covered="3"/><counter type="COMPLEXITY" missed="3" covered="1"/><counter type="METHOD" missed="3" covered="1"/><counter type="CLASS" missed="0" covered="1"/></package><package name="co/edu/uniremington/payroll/service"><class name="co/edu/uniremington/payroll/service/PayrollService" sourcefilename="PayrollService.java"><method name="&lt;init&gt;" desc="(Lco/edu/uniremington/payroll/repository/EmployeeRepository;)V" line="18"><counter type="INSTRUCTION" missed="0" covered="6"/><counter type="LINE" missed="0" covered="3"/><counter type="COMPLEXITY" missed="0" covered="1"/><counter type="METHOD" missed="0" covered="1"/></method><method name="saveEmployee" desc="(Lco/edu/uniremington/payroll/model/Employee;)Lco/edu/uniremington/payroll/model/Employee;" line="23"><counter type="INSTRUCTION" missed="5" covered="0"/><counter type="LINE" missed="1" covered="0"/><counter type="COMPLEXITY" missed="1" covered="0"/><counter type="METHOD" missed="1" covered="0"/></method><method name="findAllEmployees" desc="()Ljava/util/List;" line="27"><counter type="INSTRUCTION" missed="4" covered="0"/><counter type="LINE" missed="1" covered="0"/><counter type="COMPLEXITY" missed="1" covered="0"/><counter type="METHOD" missed="1" covered="0"/></method><method name="calculateNetSalary" desc="(Ljava/lang/Long;)Ljava/math/BigDecimal;" line="34"><counter type="INSTRUCTION" missed="26" covered="47"/><counter type="BRANCH" missed="7" covered="3"/><counter type="LINE" missed="4" covered="7"/><counter type="COMPLEXITY" missed="6" covered="1"/><counter type="METHOD" missed="0" covered="1"/></method><method name="calculateAntiquityBonus" desc="(Ljava/lang/Long;)Ljava/math/BigDecimal;" line="61"><counter type="INSTRUCTION" missed="3" covered="43"/><counter type="BRANCH" missed="2" covered="4"/><counter type="LINE" missed="1" covered="8"/><counter type="COMPLEXITY" missed="2" covered="2"/><counter type="METHOD" missed="0" covered="1"/></method><method name="applyLatePenalty" desc="(Ljava/math/BigDecimal;I)Ljava/math/BigDecimal;" line="83"><counter type="INSTRUCTION" missed="2" covered="26"/><counter type="BRANCH" missed="1" covered="3"/><counter type="LINE" missed="1" covered="4"/><counter type="COMPLEXITY" missed="1" covered="2"/><counter type="METHOD" missed="0" covered="1"/></method><method name="calculateChristmasBonus" desc="(Ljava/lang/Long;)Ljava/math/BigDecimal;" line="100"><counter type="INSTRUCTION" missed="31" covered="0"/><counter type="BRANCH" missed="2" covered="0"/><counter type="LINE" missed="6" covered="0"/><counter type="COMPLEXITY" missed="2" covered="0"/><counter type="METHOD" missed="1" covered="0"/></method><method name="lambda$calculateChristmasBonus$2" desc="()Ljava/lang/IllegalArgumentException;" line="101"><counter type="INSTRUCTION" missed="5" covered="0"/><counter type="LINE" missed="1" covered="0"/><counter type="COMPLEXITY" missed="1" covered="0"/><counter type="METHOD" missed="1" covered="0"/></method><method name="lambda$calculateAntiquityBonus$1" desc="()Ljava/lang/IllegalArgumentException;" line="62"><counter type="INSTRUCTION" missed="5" covered="0"/><counter type="LINE" missed="1" covered="0"/><counter type="COMPLEXITY" missed="1" covered="0"/><counter type="METHOD" missed="1" covered="0"/></method><method name="lambda$calculateNetSalary$0" desc="(Ljava/lang/Long;)Ljava/lang/IllegalArgumentException;" line="35"><counter type="INSTRUCTION" missed="0" covered="6"/><counter type="LINE" missed="0" covered="1"/><counter type="COMPLEXITY" missed="0" covered="1"/><counter type="METHOD" missed="0" covered="1"/></method><counter type="INSTRUCTION" missed="81" covered="128"/><counter type="BRANCH" missed="12" covered="10"/><counter type="LINE" missed="14" covered="22"/><counter type="COMPLEXITY" missed="15" covered="7"/><counter type="METHOD" missed="5" covered="5"/><counter type="CLASS" missed="0" covered="1"/></class><sourcefile name="PayrollService.java"><line nr="18" mi="0" ci="2" mb="0" cb="0"/><line nr="19" mi="0" ci="3" mb="0" cb="0"/><line nr="20" mi="0" ci="1" mb="0" cb="0"/><line nr="23" mi="5" ci="0" mb="0" cb="0"/><line nr="27" mi="4" ci="0" mb="0" cb="0"/><line nr="34" mi="0" ci="6" mb="0" cb="0"/><line nr="35" mi="0" ci="9" mb="0" cb="0"/><line nr="37" mi="1" ci="7" mb="1" cb="1"/><line nr="38" mi="1" ci="8" mb="1" cb="1"/><line nr="40" mi="0" ci="9" mb="3" cb="1"/><line nr="43" mi="0" ci="7" mb="0" cb="0"/><line nr="44" mi="0" ci="7" mb="0" cb="0"/><line nr="48" mi="9" ci="0" mb="2" cb="0"/><line nr="49" mi="9" ci="0" mb="0" cb="0"/><line nr="51" mi="5" ci="0" mb="0" cb="0"/><line nr="52" mi="1" ci="0" mb="0" cb="0"/><line nr="61" mi="0" ci="5" mb="0" cb="0"/><line nr="62" mi="5" ci="3" mb="0" cb="0"/><line nr="64" mi="0" ci="5" mb="0" cb="2"/><line nr="65" mi="0" ci="2" mb="0" cb="0"/><line nr="68" mi="1" ci="8" mb="1" cb="1"/><line nr="69" mi="0" ci="3" mb="1" cb="1"/><line nr="70" mi="2" ci="0" mb="0" cb="0"/><line nr="74" mi="0" ci="8" mb="0" cb="0"/><line nr="75" mi="0" ci="9" mb="0" cb="0"/><line nr="83" mi="0" ci="2" mb="1" cb="1"/><line nr="84" mi="2" ci="0" mb="0" cb="0"/><line nr="87" mi="0" ci="9" mb="0" cb="0"/><line nr="88" mi="0" ci="4" mb="0" cb="0"/><line nr="90" mi="0" ci="11" mb="0" cb="2"/><line nr="100" mi="5" ci="0" mb="0" cb="0"/><line nr="101" mi="8" ci="0" mb="0" cb="0"/><line nr="103" mi="5" ci="0" mb="2" cb="0"/><line nr="104" mi="8" ci="0" mb="0" cb="0"/><line nr="105" mi="5" ci="0" mb="0" cb="0"/><line nr="107" mi="5" ci="0" mb="0" cb="0"/><counter type="INSTRUCTION" missed="81" covered="128"/><counter type="BRANCH" missed="12" covered="10"/><counter type="LINE" missed="14" covered="22"/><counter type="COMPLEXITY" missed="15" covered="7"/><counter type="METHOD" missed="5" covered="5"/><counter type="CLASS" missed="0" covered="1"/></sourcefile><counter type="INSTRUCTION" missed="81" covered="128"/><counter type="BRANCH" missed="12" covered="10"/><counter type="LINE" missed="14" covered="22"/><counter type="COMPLEXITY" missed="15" covered="7"/><counter type="METHOD" missed="5" covered="5"/><counter type="CLASS" missed="0" covered="1"/></package><counter type="INSTRUCTION" missed="116" covered="134"/><counter type="BRANCH" missed="12" covered="10"/><counter type="LINE" missed="25" covered="25"/><counter type="COMPLEXITY" missed="18" covered="8"/><counter type="METHOD" missed="8" covered="6"/><counter type="CLASS" missed="0" covered="2"/></report>