<?xml version="1.0" encoding="UTF-8"?>
<testsuite xmlns:xsi="http://www.w3.org/2001/XMLSchema-instance" xsi:noNamespaceSchemaLocation="https://maven.apache.org/surefire/maven-surefire-plugin/xsd/surefire-test-report-3.0.xsd" version="3.0" name="co.edu.uniremington.payroll.service.PayrollServiceTest" time="1.333" tests="6" errors="0" skipped="0" failures="0">
  <properties>
[...]
</properties>
  <testcase name="calculateAntiquityBonus_Hourly_ReturnsZero" classname="co.edu.uniremington.payroll.service.PayrollServiceTest" time="1.289">
    <system-err><![CDATA[WARNING: A Java agent has been loaded dynamically (C:\Users\USUARIO\.m2\repository\net\bytebuddy\byte-buddy-agent\1.14.12\byte-buddy-agent-1.14.12.jar)
WARNING: If a serviceability tool is in use, please run with -XX:+EnableDynamicAgentLoading to hide this warning
WARNING: If a serviceability tool is not in use, please run with -Djdk.instrument.traceUsage for more information
WARNING: Dynamic loading of agents will be disallowed by default in a future release
]]></system-err>
  </testcase>
  <testcase name="calculateNetSalary_FullTime" classname="co.edu.uniremington.payroll.service.PayrollServiceTest" time="0.012"/>
  <testcase name="calculateAntiquityBonus_FullTime" classname="co.edu.uniremington.payroll.service.PayrollServiceTest" time="0.005"/>
  <testcase name="calculateNetSalary_NotFound" classname="co.edu.uniremington.payroll.service.PayrollServiceTest" time="0.008"/>
  <testcase name="applyLatePenalty_CalculatesCorrectly" classname="co.edu.uniremington.payroll.service.PayrollServiceTest" time="0.003"/>
  <testcase name="applyLatePenalty_NeverBelowZero" classname="co.edu.uniremington.payroll.service.PayrollServiceTest" time="0.004"/>
</testsuite>